<?xml version="1.0" encoding="UTF-8"?>
<!-- Generated by org.testng.reporters.JUnitXMLReporter -->
<testsuite ignored="0" hostname="Lenovo_Ideapad" failures="1" tests="1" name="Test" time="6.407" errors="0" timestamp="2025-07-26T22:12:10 IST">
  <testcase classname="Mytest.hmPage" name="VarifyProcessingOfItem" time="0.198">
    <failure type="java.lang.NullPointerException" message="Cannot invoke &amp;quot;org.openqa.selenium.WebDriver.findElement(org.openqa.selenium.By)&amp;quot; because &amp;quot;this.driver&amp;quot; is null">
      <![CDATA[java.lang.NullPointerException: Cannot invoke "org.openqa.selenium.WebDriver.findElement(org.openqa.selenium.By)" because "this.driver" is null
at Mylocator.HomLoc.isMenuDispayed(HomLoc.java:44)
at Mytest.hmPage.VarifyProcessingOfItem(hmPage.java:25)
at java.base/java.util.ArrayList.forEach(ArrayList.java:1596)
... Removed 25 stack frames]]>
    </failure>
  </testcase> <!-- VarifyProcessingOfItem -->
</testsuite> <!-- Test -->
